Flow report for Clock
Sat May 10 23:28:48 2025
Quartus Prime Version 24.1std.0 Build 1077 03/04/2025 SC Lite Edition


---------------------
; Table of Contents ;
---------------------
  1. Legal Notice
  2. Flow Summary
  3. Flow Settings
  4. Flow Non-Default Global Settings
  5. Flow Elapsed Time
  6. Flow OS Summary
  7. Flow Log
  8. Flow Messages
  9. Flow Suppressed Messages



----------------
; Legal Notice ;
----------------
Copyright (C) 2025  Altera Corporation. All rights reserved.
Your use of Altera Corporation's design tools, logic functions 
and other software and tools, and any partner logic 
functions, and any output files from any of the foregoing 
(including device programming or simulation files), and any 
associated documentation or information are expressly subject 
to the terms and conditions of the Altera Program License 
Subscription Agreement, the Altera Quartus Prime License Agreement,
the Altera IP License Agreement, or other applicable license
agreement, including, without limitation, that your use is for
the sole purpose of programming logic devices manufactured by
Altera and sold by Altera or its authorized distributors.  Please
refer to the Altera Software License Subscription Agreements 
on the Quartus Prime software download page.



+--------------------------------------------------------------------------------------+
; Flow Summary                                                                         ;
+------------------------------------+-------------------------------------------------+
; Flow Status                        ; Successful - Sat May 10 23:28:48 2025           ;
; Quartus Prime Version              ; 24.1std.0 Build 1077 03/04/2025 SC Lite Edition ;
; Revision Name                      ; Clock                                           ;
; Top-level Entity Name              ; ClockDisplay                                    ;
; Family                             ; MAX 10                                          ;
; Device                             ; 10M50DAF484C7G                                  ;
; Timing Models                      ; Final                                           ;
; Total logic elements               ; 320 / 49,760 ( < 1 % )                          ;
;     Total combinational functions  ; 318 / 49,760 ( < 1 % )                          ;
;     Dedicated logic registers      ; 118 / 49,760 ( < 1 % )                          ;
; Total registers                    ; 118                                             ;
; Total pins                         ; 80 / 360 ( 22 % )                               ;
; Total virtual pins                 ; 0                                               ;
; Total memory bits                  ; 0 / 1,677,312 ( 0 % )                           ;
; Embedded Multiplier 9-bit elements ; 0 / 288 ( 0 % )                                 ;
; Total PLLs                         ; 0 / 4 ( 0 % )                                   ;
; UFM blocks                         ; 0 / 1 ( 0 % )                                   ;
; ADC blocks                         ; 0 / 2 ( 0 % )                                   ;
+------------------------------------+-------------------------------------------------+


+-----------------------------------------+
; Flow Settings                           ;
+-------------------+---------------------+
; Option            ; Setting             ;
+-------------------+---------------------+
; Start date & time ; 05/10/2025 23:27:57 ;
; Main task         ; Compilation         ;
; Revision Name     ; Clock               ;
+-------------------+---------------------+


+-------------------------------------------------------------------------------------------------------------------------------------------------+
; Flow Non-Default Global Settings                                                                                                                ;
+-------------------------------------+----------------------------------------+---------------+--------------+-----------------------------------+
; Assignment Name                     ; Value                                  ; Default Value ; Entity Name  ; Section Id                        ;
+-------------------------------------+----------------------------------------+---------------+--------------+-----------------------------------+
; COMPILER_SIGNATURE_ID               ; 182530627020743.174694487712436        ; --            ; --           ; --                                ;
; EDA_GENERATE_FUNCTIONAL_NETLIST     ; Off                                    ; --            ; --           ; eda_board_design_timing           ;
; EDA_GENERATE_FUNCTIONAL_NETLIST     ; Off                                    ; --            ; --           ; eda_board_design_boundary_scan    ;
; EDA_GENERATE_FUNCTIONAL_NETLIST     ; Off                                    ; --            ; --           ; eda_board_design_signal_integrity ;
; EDA_GENERATE_FUNCTIONAL_NETLIST     ; Off                                    ; --            ; --           ; eda_board_design_symbol           ;
; EDA_OUTPUT_DATA_FORMAT              ; Verilog Hdl                            ; --            ; --           ; eda_simulation                    ;
; EDA_SIMULATION_TOOL                 ; Questa Intel FPGA (Verilog)            ; <None>        ; --           ; --                                ;
; EDA_TIME_SCALE                      ; 1 ps                                   ; --            ; --           ; eda_simulation                    ;
; MAX_CORE_JUNCTION_TEMP              ; 85                                     ; --            ; --           ; --                                ;
; MIN_CORE_JUNCTION_TEMP              ; 0                                      ; --            ; --           ; --                                ;
; PARTITION_COLOR                     ; -- (Not supported for targeted family) ; --            ; ClockDisplay ; Top                               ;
; PARTITION_FITTER_PRESERVATION_LEVEL ; -- (Not supported for targeted family) ; --            ; ClockDisplay ; Top                               ;
; PARTITION_NETLIST_TYPE              ; -- (Not supported for targeted family) ; --            ; ClockDisplay ; Top                               ;
; PROJECT_OUTPUT_DIRECTORY            ; output_files                           ; --            ; --           ; --                                ;
; TOP_LEVEL_ENTITY                    ; ClockDisplay                           ; Clock         ; --           ; --                                ;
+-------------------------------------+----------------------------------------+---------------+--------------+-----------------------------------+


+--------------------------------------------------------------------------------------------------------------------------+
; Flow Elapsed Time                                                                                                        ;
+----------------------+--------------+-------------------------+---------------------+------------------------------------+
; Module Name          ; Elapsed Time ; Average Processors Used ; Peak Virtual Memory ; Total CPU Time (on all processors) ;
+----------------------+--------------+-------------------------+---------------------+------------------------------------+
; Analysis & Synthesis ; 00:00:18     ; 1.0                     ; 4739 MB             ; 00:00:38                           ;
; Fitter               ; 00:00:18     ; 1.0                     ; 5316 MB             ; 00:00:22                           ;
; Assembler            ; 00:00:04     ; 1.0                     ; 4726 MB             ; 00:00:04                           ;
; Timing Analyzer      ; 00:00:05     ; 1.1                     ; 4813 MB             ; 00:00:04                           ;
; EDA Netlist Writer   ; 00:00:01     ; 1.0                     ; 4645 MB             ; 00:00:01                           ;
; Total                ; 00:00:46     ; --                      ; --                  ; 00:01:09                           ;
+----------------------+--------------+-------------------------+---------------------+------------------------------------+


+------------------------------------------------------------------------------------+
; Flow OS Summary                                                                    ;
+----------------------+------------------+------------+------------+----------------+
; Module Name          ; Machine Hostname ; OS Name    ; OS Version ; Processor type ;
+----------------------+------------------+------------+------------+----------------+
; Analysis & Synthesis ; DESKTOP-DGRSCFE  ; Windows 10 ; 10.0       ; x86_64         ;
; Fitter               ; DESKTOP-DGRSCFE  ; Windows 10 ; 10.0       ; x86_64         ;
; Assembler            ; DESKTOP-DGRSCFE  ; Windows 10 ; 10.0       ; x86_64         ;
; Timing Analyzer      ; DESKTOP-DGRSCFE  ; Windows 10 ; 10.0       ; x86_64         ;
; EDA Netlist Writer   ; DESKTOP-DGRSCFE  ; Windows 10 ; 10.0       ; x86_64         ;
+----------------------+------------------+------------+------------+----------------+


------------
; Flow Log ;
------------
quartus_map --read_settings_files=on --write_settings_files=off Clock -c Clock
quartus_fit --read_settings_files=off --write_settings_files=off Clock -c Clock
quartus_asm --read_settings_files=off --write_settings_files=off Clock -c Clock
quartus_sta Clock -c Clock
quartus_eda --read_settings_files=off --write_settings_files=off Clock -c Clock



